<?xml version="1.0" encoding="UTF-8"?>
<testng-results ignored="0" total="2" passed="2" failed="0" skipped="0">
  <reporter-output>
  </reporter-output>
  <suite started-at="2023-11-07T10:35:48 IST" name="Surefire suite" finished-at="2023-11-07T10:35:48 IST" duration-ms="51">
    <groups>
    </groups>
    <test started-at="2023-11-07T10:35:48 IST" name="Surefire test" finished-at="2023-11-07T10:35:48 IST" duration-ms="51">
      <class name="com.lbrce.cseb.UserValidationTest">
        <test-method signature="testCase1()[pri:0, instance:com.lbrce.cseb.UserValidationTest@589b3632]" started-at="2023-11-07T10:35:48 IST" name="testCase1" finished-at="2023-11-07T10:35:48 IST" duration-ms="10" status="PASS">
          <reporter-output>
          </reporter-output>
        </test-method> <!-- testCase1 -->
        <test-method signature="testCase2()[pri:0, instance:com.lbrce.cseb.UserValidationTest@589b3632]" started-at="2023-11-07T10:35:48 IST" name="testCase2" finished-at="2023-11-07T10:35:48 IST" duration-ms="1" status="PASS">
          <reporter-output>
          </reporter-output>
        </test-method> <!-- testCase2 -->
      </class> <!-- com.lbrce.cseb.UserValidationTest -->
    </test> <!-- Surefire test -->
  </suite> <!-- Surefire suite -->
</testng-results>
